<?xml version="1.0" encoding="UTF-8"?>
<testng-results skipped="0" failed="1" ignored="0" total="2" passed="1">
  <reporter-output>
  </reporter-output>
  <suite name="InetBankingV1" duration-ms="177563" started-at="2020-07-06T12:18:13 IST" finished-at="2020-07-06T12:21:10 IST">
    <groups>
      <group name="TC01.skip">
        <method signature="TC01_Login.loginTest()[pri:0, instance:com.TestCases.TC01_Login@52a86356]" name="loginTest" class="com.TestCases.TC01_Login"/>
      </group> <!-- TC01.skip -->
    </groups>
    <test name="Chrome Test" duration-ms="177563" started-at="2020-07-06T12:18:13 IST" finished-at="2020-07-06T12:21:10 IST">
      <class name="com.TestCases.TC01_Login">
        <test-method status="PASS" signature="setup(java.lang.String)[pri:0, instance:com.TestCases.TC01_Login@52a86356]" name="setup" is-config="true" duration-ms="24650" started-at="2020-07-06T12:18:13 IST" finished-at="2020-07-06T12:18:38 IST">
          <params>
            <param index="0">
              <value>
                <![CDATA[chrome]]>
              </value>
            </param>
          </params>
          <reporter-output>
          </reporter-output>
        </test-method> <!-- setup -->
        <test-method status="FAIL" signature="loginTest()[pri:0, instance:com.TestCases.TC01_Login@52a86356]" name="loginTest" duration-ms="69760" started-at="2020-07-06T12:18:38 IST" finished-at="2020-07-06T12:19:47 IST">
          <exception class="java.lang.AssertionError">
            <message>
              <![CDATA[User is not able to signIn due to some issue  url of page http://demo.guru99.com/v4/manager/Managerhomepage.php
]]>
            </message>
            <full-stacktrace>
              <![CDATA[java.lang.AssertionError: User is not able to signIn due to some issue  url of page http://demo.guru99.com/v4/manager/Managerhomepage.php

at org.testng.AssertJUnit.fail(AssertJUnit.java:47)
at org.testng.AssertJUnit.assertTrue(AssertJUnit.java:20)
at com.TestCases.TC01_Login.loginTest(TC01_Login.java:50)
at sun.reflect.NativeMethodAccessorImpl.invoke0(Native Method)
at sun.reflect.NativeMethodAccessorImpl.invoke(NativeMethodAccessorImpl.java:62)
at sun.reflect.DelegatingMethodAccessorImpl.invoke(DelegatingMethodAccessorImpl.java:43)
at java.lang.reflect.Method.invoke(Method.java:498)
at org.testng.internal.MethodInvocationHelper.invokeMethod(MethodInvocationHelper.java:134)
at org.testng.internal.TestInvoker.invokeMethod(TestInvoker.java:597)
at org.testng.internal.TestInvoker.invokeTestMethod(TestInvoker.java:173)
at org.testng.internal.MethodRunner.runInSequence(MethodRunner.java:46)
at org.testng.internal.TestInvoker$MethodInvocationAgent.invoke(TestInvoker.java:816)
at org.testng.internal.TestInvoker.invokeTestMethods(TestInvoker.java:146)
at org.testng.internal.TestMethodWorker.invokeTestMethods(TestMethodWorker.java:146)
at org.testng.internal.TestMethodWorker.run(TestMethodWorker.java:128)
at java.util.ArrayList.forEach(ArrayList.java:1257)
at org.testng.TestRunner.privateRun(TestRunner.java:766)
at org.testng.TestRunner.run(TestRunner.java:587)
at org.testng.SuiteRunner.runTest(SuiteRunner.java:384)
at org.testng.SuiteRunner.runSequentially(SuiteRunner.java:378)
at org.testng.SuiteRunner.privateRun(SuiteRunner.java:337)
at org.testng.SuiteRunner.run(SuiteRunner.java:286)
at org.testng.SuiteRunnerWorker.runSuite(SuiteRunnerWorker.java:53)
at org.testng.SuiteRunnerWorker.run(SuiteRunnerWorker.java:96)
at org.testng.TestNG.runSuitesSequentially(TestNG.java:1187)
at org.testng.TestNG.runSuitesLocally(TestNG.java:1109)
at org.testng.TestNG.runSuites(TestNG.java:1039)
at org.testng.TestNG.run(TestNG.java:1007)
at org.apache.maven.surefire.testng.TestNGExecutor.run(TestNGExecutor.java:283)
at org.apache.maven.surefire.testng.TestNGXmlTestSuite.execute(TestNGXmlTestSuite.java:75)
at org.apache.maven.surefire.testng.TestNGProvider.invoke(TestNGProvider.java:120)
at org.apache.maven.surefire.booter.ForkedBooter.runSuitesInProcess(ForkedBooter.java:377)
at org.apache.maven.surefire.booter.ForkedBooter.execute(ForkedBooter.java:138)
at org.apache.maven.surefire.booter.ForkedBooter.run(ForkedBooter.java:465)
at org.apache.maven.surefire.booter.ForkedBooter.main(ForkedBooter.java:451)
]]>
            </full-stacktrace>
          </exception> <!-- java.lang.AssertionError -->
          <reporter-output>
          </reporter-output>
        </test-method> <!-- loginTest -->
        <test-method status="PASS" signature="tearUp()[pri:0, instance:com.TestCases.TC01_Login@52a86356]" name="tearUp" is-config="true" duration-ms="1035" started-at="2020-07-06T12:20:30 IST" finished-at="2020-07-06T12:20:31 IST">
          <reporter-output>
          </reporter-output>
        </test-method> <!-- tearUp -->
      </class> <!-- com.TestCases.TC01_Login -->
      <class name="com.TestCases.TC03_AddCustomer">
        <test-method status="PASS" signature="setup(java.lang.String)[pri:0, instance:com.TestCases.TC03_AddCustomer@5ce81285]" name="setup" is-config="true" duration-ms="13594" started-at="2020-07-06T12:20:31 IST" finished-at="2020-07-06T12:20:45 IST">
          <params>
            <param index="0">
              <value>
                <![CDATA[chrome]]>
              </value>
            </param>
          </params>
          <reporter-output>
          </reporter-output>
        </test-method> <!-- setup -->
        <test-method status="PASS" signature="addNewCustomer()[pri:0, instance:com.TestCases.TC03_AddCustomer@5ce81285]" name="addNewCustomer" duration-ms="24957" started-at="2020-07-06T12:20:45 IST" finished-at="2020-07-06T12:21:10 IST">
          <reporter-output>
          </reporter-output>
        </test-method> <!-- addNewCustomer -->
        <test-method status="PASS" signature="tearUp()[pri:0, instance:com.TestCases.TC03_AddCustomer@5ce81285]" name="tearUp" is-config="true" duration-ms="743" started-at="2020-07-06T12:21:10 IST" finished-at="2020-07-06T12:21:10 IST">
          <reporter-output>
          </reporter-output>
        </test-method> <!-- tearUp -->
      </class> <!-- com.TestCases.TC03_AddCustomer -->
    </test> <!-- Chrome Test -->
  </suite> <!-- InetBankingV1 -->
</testng-results>
